16-Nov-2024 19:23:24.735 INFORMACIÓN [main] org.apache.catalina.core.ApplicationContext.log ContextListener: contextInitialized()
16-Nov-2024 19:23:24.735 INFORMACIÓN [main] org.apache.catalina.core.ApplicationContext.log SessionListener: contextInitialized()
16-Nov-2024 19:23:24.738 INFORMACIÓN [main] org.apache.catalina.core.ApplicationContext.log ContextListener: attributeAdded('StockTicker', 'async.Stockticker@37f21974')
16-Nov-2024 19:56:20.859 INFORMACIÓN [main] org.apache.catalina.core.ApplicationContext.log SessionListener: contextDestroyed()
16-Nov-2024 19:56:20.859 INFORMACIÓN [main] org.apache.catalina.core.ApplicationContext.log ContextListener: contextDestroyed()
16-Nov-2024 20:11:35.345 INFORMACIÓN [main] org.apache.catalina.core.ApplicationContext.log ContextListener: contextInitialized()
16-Nov-2024 20:11:35.345 INFORMACIÓN [main] org.apache.catalina.core.ApplicationContext.log SessionListener: contextInitialized()
16-Nov-2024 20:11:35.347 INFORMACIÓN [main] org.apache.catalina.core.ApplicationContext.log ContextListener: attributeAdded('StockTicker', 'async.Stockticker@404009df')
16-Nov-2024 20:21:54.408 INFORMACIÓN [http-nio-8080-exec-23] org.apache.catalina.core.ApplicationContext.log Marcando el servlet [SvUsuarios] como no disponible
16-Nov-2024 20:21:54.408 GRAVE [http-nio-8080-exec-23] org.apache.catalina.core.StandardWrapperValve.invoke Excepción de reserva de espacio para servlet [SvUsuarios]
Local Exception Stack: 
	Exception [EclipseLink-0] (Eclipse Persistence Services - 2.7.12.v20230209-e5c4074ef3): org.eclipse.persistence.exceptions.IntegrityException
Descriptor Exceptions: 
---------------------------------------------------------

Exception [EclipseLink-48] (Eclipse Persistence Services - 2.7.12.v20230209-e5c4074ef3): org.eclipse.persistence.exceptions.DescriptorException
Exception Description: Multiple writable mappings exist for the field [TURNO.ID_TURNO].  Only one may be defined as writable, all others must be specified read-only.
Mapping: org.eclipse.persistence.mappings.ManyToOneMapping[odonto]
Descriptor: RelationalDescriptor(logica.Turno --> [DatabaseTable(TURNO)])

Runtime Exceptions: 
---------------------------------------------------------

		at org.eclipse.persistence.internal.sessions.DatabaseSessionImpl.initializeDescriptors(DatabaseSessionImpl.java:763)
		at org.eclipse.persistence.internal.sessions.DatabaseSessionImpl.initializeDescriptors(DatabaseSessionImpl.java:699)
		at org.eclipse.persistence.internal.sessions.DatabaseSessionImpl.initializeDescriptors(DatabaseSessionImpl.java:630)
		at org.eclipse.persistence.internal.sessions.DatabaseSessionImpl.postConnectDatasource(DatabaseSessionImpl.java:876)
		at org.eclipse.persistence.internal.sessions.DatabaseSessionImpl.loginAndDetectDatasource(DatabaseSessionImpl.java:812)
		at org.eclipse.persistence.internal.jpa.EntityManagerFactoryProvider.login(EntityManagerFactoryProvider.java:261)
		at org.eclipse.persistence.internal.jpa.EntityManagerSetupImpl.deploy(EntityManagerSetupImpl.java:771)
		at org.eclipse.persistence.internal.jpa.EntityManagerFactoryDelegate.getAbstractSession(EntityManagerFactoryDelegate.java:222)
		at org.eclipse.persistence.internal.jpa.EntityManagerFactoryDelegate.getDatabaseSession(EntityManagerFactoryDelegate.java:200)
		at org.eclipse.persistence.internal.jpa.EntityManagerFactoryImpl.getDatabaseSession(EntityManagerFactoryImpl.java:542)
		at org.eclipse.persistence.jpa.PersistenceProvider.createEntityManagerFactoryImpl(PersistenceProvider.java:153)
		at org.eclipse.persistence.jpa.PersistenceProvider.createEntityManagerFactory(PersistenceProvider.java:191)
		at javax.persistence.Persistence.createEntityManagerFactory(Persistence.java:80)
		at javax.persistence.Persistence.createEntityManagerFactory(Persistence.java:55)
		at persistencia.HorarioJpaController.<init>(HorarioJpaController.java:27)
		at persistencia.ControladoraPersistencia.<init>(ControladoraPersistencia.java:8)
		at logica.Controladora.<init>(Controladora.java:7)
		at servlets.SvUsuarios.<init>(SvUsuarios.java:14)
		at java.base/jdk.internal.reflect.NativeConstructorAccessorImpl.newInstance0(Native Method)
		at java.base/jdk.internal.reflect.NativeConstructorAccessorImpl.newInstance(NativeConstructorAccessorImpl.java:77)
		at java.base/jdk.internal.reflect.DelegatingConstructorAccessorImpl.newInstance(DelegatingConstructorAccessorImpl.java:45)
		at java.base/java.lang.reflect.Constructor.newInstanceWithCaller(Constructor.java:500)
		at java.base/java.lang.reflect.Constructor.newInstance(Constructor.java:481)
		at org.apache.catalina.core.DefaultInstanceManager.newInstance(DefaultInstanceManager.java:143)
		at org.apache.catalina.core.StandardWrapper.loadServlet(StandardWrapper.java:898)
		at org.apache.catalina.core.StandardWrapper.allocate(StandardWrapper.java:659)
		at org.apache.catalina.core.StandardWrapperValve.invoke(StandardWrapperValve.java:116)
		at org.apache.catalina.core.StandardContextValve.invoke(StandardContextValve.java:90)
		at org.apache.catalina.authenticator.AuthenticatorBase.invoke(AuthenticatorBase.java:482)
		at org.apache.catalina.core.StandardHostValve.invoke(StandardHostValve.java:130)
		at org.apache.catalina.valves.ErrorReportValve.invoke(ErrorReportValve.java:93)
		at org.apache.catalina.valves.AbstractAccessLogValve.invoke(AbstractAccessLogValve.java:660)
		at org.apache.catalina.core.StandardEngineValve.invoke(StandardEngineValve.java:74)
		at org.apache.catalina.connector.CoyoteAdapter.service(CoyoteAdapter.java:346)
		at org.apache.coyote.http11.Http11Processor.service(Http11Processor.java:396)
		at org.apache.coyote.AbstractProcessorLight.process(AbstractProcessorLight.java:63)
		at org.apache.coyote.AbstractProtocol$ConnectionHandler.process(AbstractProtocol.java:937)
		at org.apache.tomcat.util.net.NioEndpoint$SocketProcessor.doRun(NioEndpoint.java:1791)
		at org.apache.tomcat.util.net.SocketProcessorBase.run(SocketProcessorBase.java:52)
		at org.apache.tomcat.util.threads.ThreadPoolExecutor.runWorker(ThreadPoolExecutor.java:1190)
		at org.apache.tomcat.util.threads.ThreadPoolExecutor$Worker.run(ThreadPoolExecutor.java:659)
		at org.apache.tomcat.util.threads.TaskThread$WrappingRunnable.run(TaskThread.java:63)
		at java.base/java.lang.Thread.run(Thread.java:840)

Descriptor Exceptions: 
---------------------------------------------------------


Local Exception Stack: 
	Exception [EclipseLink-48] (Eclipse Persistence Services - 2.7.12.v20230209-e5c4074ef3): org.eclipse.persistence.exceptions.DescriptorException
Exception Description: Multiple writable mappings exist for the field [TURNO.ID_TURNO].  Only one may be defined as writable, all others must be specified read-only.
Mapping: org.eclipse.persistence.mappings.ManyToOneMapping[odonto]
Descriptor: RelationalDescriptor(logica.Turno --> [DatabaseTable(TURNO)])
		at org.eclipse.persistence.exceptions.DescriptorException.multipleWriteMappingsForField(DescriptorException.java:1019)
		at org.eclipse.persistence.internal.descriptors.ObjectBuilder.initialize(ObjectBuilder.java:3770)
		at org.eclipse.persistence.descriptors.ClassDescriptor.initialize(ClassDescriptor.java:3378)
		at org.eclipse.persistence.internal.sessions.DatabaseSessionImpl.initializeDescriptors(DatabaseSessionImpl.java:740)
		at org.eclipse.persistence.internal.sessions.DatabaseSessionImpl.initializeDescriptors(DatabaseSessionImpl.java:699)
		at org.eclipse.persistence.internal.sessions.DatabaseSessionImpl.initializeDescriptors(DatabaseSessionImpl.java:630)
		at org.eclipse.persistence.internal.sessions.DatabaseSessionImpl.postConnectDatasource(DatabaseSessionImpl.java:876)
		at org.eclipse.persistence.internal.sessions.DatabaseSessionImpl.loginAndDetectDatasource(DatabaseSessionImpl.java:812)
		at org.eclipse.persistence.internal.jpa.EntityManagerFactoryProvider.login(EntityManagerFactoryProvider.java:261)
		at org.eclipse.persistence.internal.jpa.EntityManagerSetupImpl.deploy(EntityManagerSetupImpl.java:771)
		at org.eclipse.persistence.internal.jpa.EntityManagerFactoryDelegate.getAbstractSession(EntityManagerFactoryDelegate.java:222)
		at org.eclipse.persistence.internal.jpa.EntityManagerFactoryDelegate.getDatabaseSession(EntityManagerFactoryDelegate.java:200)
		at org.eclipse.persistence.internal.jpa.EntityManagerFactoryImpl.getDatabaseSession(EntityManagerFactoryImpl.java:542)
		at org.eclipse.persistence.jpa.PersistenceProvider.createEntityManagerFactoryImpl(PersistenceProvider.java:153)
		at org.eclipse.persistence.jpa.PersistenceProvider.createEntityManagerFactory(PersistenceProvider.java:191)
		at javax.persistence.Persistence.createEntityManagerFactory(Persistence.java:80)
		at javax.persistence.Persistence.createEntityManagerFactory(Persistence.java:55)
		at persistencia.HorarioJpaController.<init>(HorarioJpaController.java:27)
		at persistencia.ControladoraPersistencia.<init>(ControladoraPersistencia.java:8)
		at logica.Controladora.<init>(Controladora.java:7)
		at servlets.SvUsuarios.<init>(SvUsuarios.java:14)
		at java.base/jdk.internal.reflect.NativeConstructorAccessorImpl.newInstance0(Native Method)
		at java.base/jdk.internal.reflect.NativeConstructorAccessorImpl.newInstance(NativeConstructorAccessorImpl.java:77)
		at java.base/jdk.internal.reflect.DelegatingConstructorAccessorImpl.newInstance(DelegatingConstructorAccessorImpl.java:45)
		at java.base/java.lang.reflect.Constructor.newInstanceWithCaller(Constructor.java:500)
		at java.base/java.lang.reflect.Constructor.newInstance(Constructor.java:481)
		at org.apache.catalina.core.DefaultInstanceManager.newInstance(DefaultInstanceManager.java:143)
		at org.apache.catalina.core.StandardWrapper.loadServlet(StandardWrapper.java:898)
		at org.apache.catalina.core.StandardWrapper.allocate(StandardWrapper.java:659)
		at org.apache.catalina.core.StandardWrapperValve.invoke(StandardWrapperValve.java:116)
		at org.apache.catalina.core.StandardContextValve.invoke(StandardContextValve.java:90)
		at org.apache.catalina.authenticator.AuthenticatorBase.invoke(AuthenticatorBase.java:482)
		at org.apache.catalina.core.StandardHostValve.invoke(StandardHostValve.java:130)
		at org.apache.catalina.valves.ErrorReportValve.invoke(ErrorReportValve.java:93)
		at org.apache.catalina.valves.AbstractAccessLogValve.invoke(AbstractAccessLogValve.java:660)
		at org.apache.catalina.core.StandardEngineValve.invoke(StandardEngineValve.java:74)
		at org.apache.catalina.connector.CoyoteAdapter.service(CoyoteAdapter.java:346)
		at org.apache.coyote.http11.Http11Processor.service(Http11Processor.java:396)
		at org.apache.coyote.AbstractProcessorLight.process(AbstractProcessorLight.java:63)
		at org.apache.coyote.AbstractProtocol$ConnectionHandler.process(AbstractProtocol.java:937)
		at org.apache.tomcat.util.net.NioEndpoint$SocketProcessor.doRun(NioEndpoint.java:1791)
		at org.apache.tomcat.util.net.SocketProcessorBase.run(SocketProcessorBase.java:52)
		at org.apache.tomcat.util.threads.ThreadPoolExecutor.runWorker(ThreadPoolExecutor.java:1190)
		at org.apache.tomcat.util.threads.ThreadPoolExecutor$Worker.run(ThreadPoolExecutor.java:659)
		at org.apache.tomcat.util.threads.TaskThread$WrappingRunnable.run(TaskThread.java:63)
		at java.base/java.lang.Thread.run(Thread.java:840)

Runtime Exceptions: 
---------------------------------------------------------
16-Nov-2024 20:31:06.022 INFORMACIÓN [http-nio-8080-exec-22] org.apache.catalina.core.ApplicationContext.log Marcando el servlet [SvUsuarios] como no disponible
16-Nov-2024 20:31:06.022 GRAVE [http-nio-8080-exec-22] org.apache.catalina.core.StandardWrapperValve.invoke Excepción de reserva de espacio para servlet [SvUsuarios]
Local Exception Stack: 
	Exception [EclipseLink-0] (Eclipse Persistence Services - 2.7.12.v20230209-e5c4074ef3): org.eclipse.persistence.exceptions.IntegrityException
Descriptor Exceptions: 
---------------------------------------------------------

Exception [EclipseLink-48] (Eclipse Persistence Services - 2.7.12.v20230209-e5c4074ef3): org.eclipse.persistence.exceptions.DescriptorException
Exception Description: Multiple writable mappings exist for the field [TURNO.ID_TURNO].  Only one may be defined as writable, all others must be specified read-only.
Mapping: org.eclipse.persistence.mappings.ManyToOneMapping[odonto]
Descriptor: RelationalDescriptor(logica.Turno --> [DatabaseTable(TURNO)])

Runtime Exceptions: 
---------------------------------------------------------

		at org.eclipse.persistence.internal.sessions.DatabaseSessionImpl.initializeDescriptors(DatabaseSessionImpl.java:763)
		at org.eclipse.persistence.internal.sessions.DatabaseSessionImpl.initializeDescriptors(DatabaseSessionImpl.java:699)
		at org.eclipse.persistence.internal.sessions.DatabaseSessionImpl.initializeDescriptors(DatabaseSessionImpl.java:630)
		at org.eclipse.persistence.internal.sessions.DatabaseSessionImpl.postConnectDatasource(DatabaseSessionImpl.java:876)
		at org.eclipse.persistence.internal.sessions.DatabaseSessionImpl.loginAndDetectDatasource(DatabaseSessionImpl.java:812)
		at org.eclipse.persistence.internal.jpa.EntityManagerFactoryProvider.login(EntityManagerFactoryProvider.java:261)
		at org.eclipse.persistence.internal.jpa.EntityManagerSetupImpl.deploy(EntityManagerSetupImpl.java:771)
		at org.eclipse.persistence.internal.jpa.EntityManagerFactoryDelegate.getAbstractSession(EntityManagerFactoryDelegate.java:222)
		at org.eclipse.persistence.internal.jpa.EntityManagerFactoryDelegate.getDatabaseSession(EntityManagerFactoryDelegate.java:200)
		at org.eclipse.persistence.internal.jpa.EntityManagerFactoryImpl.getDatabaseSession(EntityManagerFactoryImpl.java:542)
		at org.eclipse.persistence.jpa.PersistenceProvider.createEntityManagerFactoryImpl(PersistenceProvider.java:153)
		at org.eclipse.persistence.jpa.PersistenceProvider.createEntityManagerFactory(PersistenceProvider.java:191)
		at javax.persistence.Persistence.createEntityManagerFactory(Persistence.java:80)
		at javax.persistence.Persistence.createEntityManagerFactory(Persistence.java:55)
		at persistencia.HorarioJpaController.<init>(HorarioJpaController.java:27)
		at persistencia.ControladoraPersistencia.<init>(ControladoraPersistencia.java:8)
		at logica.Controladora.<init>(Controladora.java:7)
		at servlets.SvUsuarios.<init>(SvUsuarios.java:14)
		at java.base/jdk.internal.reflect.NativeConstructorAccessorImpl.newInstance0(Native Method)
		at java.base/jdk.internal.reflect.NativeConstructorAccessorImpl.newInstance(NativeConstructorAccessorImpl.java:77)
		at java.base/jdk.internal.reflect.DelegatingConstructorAccessorImpl.newInstance(DelegatingConstructorAccessorImpl.java:45)
		at java.base/java.lang.reflect.Constructor.newInstanceWithCaller(Constructor.java:500)
		at java.base/java.lang.reflect.Constructor.newInstance(Constructor.java:481)
		at org.apache.catalina.core.DefaultInstanceManager.newInstance(DefaultInstanceManager.java:143)
		at org.apache.catalina.core.StandardWrapper.loadServlet(StandardWrapper.java:898)
		at org.apache.catalina.core.StandardWrapper.allocate(StandardWrapper.java:659)
		at org.apache.catalina.core.StandardWrapperValve.invoke(StandardWrapperValve.java:116)
		at org.apache.catalina.core.StandardContextValve.invoke(StandardContextValve.java:90)
		at org.apache.catalina.authenticator.AuthenticatorBase.invoke(AuthenticatorBase.java:482)
		at org.apache.catalina.core.StandardHostValve.invoke(StandardHostValve.java:130)
		at org.apache.catalina.valves.ErrorReportValve.invoke(ErrorReportValve.java:93)
		at org.apache.catalina.valves.AbstractAccessLogValve.invoke(AbstractAccessLogValve.java:660)
		at org.apache.catalina.core.StandardEngineValve.invoke(StandardEngineValve.java:74)
		at org.apache.catalina.connector.CoyoteAdapter.service(CoyoteAdapter.java:346)
		at org.apache.coyote.http11.Http11Processor.service(Http11Processor.java:396)
		at org.apache.coyote.AbstractProcessorLight.process(AbstractProcessorLight.java:63)
		at org.apache.coyote.AbstractProtocol$ConnectionHandler.process(AbstractProtocol.java:937)
		at org.apache.tomcat.util.net.NioEndpoint$SocketProcessor.doRun(NioEndpoint.java:1791)
		at org.apache.tomcat.util.net.SocketProcessorBase.run(SocketProcessorBase.java:52)
		at org.apache.tomcat.util.threads.ThreadPoolExecutor.runWorker(ThreadPoolExecutor.java:1190)
		at org.apache.tomcat.util.threads.ThreadPoolExecutor$Worker.run(ThreadPoolExecutor.java:659)
		at org.apache.tomcat.util.threads.TaskThread$WrappingRunnable.run(TaskThread.java:63)
		at java.base/java.lang.Thread.run(Thread.java:840)

Descriptor Exceptions: 
---------------------------------------------------------


Local Exception Stack: 
	Exception [EclipseLink-48] (Eclipse Persistence Services - 2.7.12.v20230209-e5c4074ef3): org.eclipse.persistence.exceptions.DescriptorException
Exception Description: Multiple writable mappings exist for the field [TURNO.ID_TURNO].  Only one may be defined as writable, all others must be specified read-only.
Mapping: org.eclipse.persistence.mappings.ManyToOneMapping[odonto]
Descriptor: RelationalDescriptor(logica.Turno --> [DatabaseTable(TURNO)])
		at org.eclipse.persistence.exceptions.DescriptorException.multipleWriteMappingsForField(DescriptorException.java:1019)
		at org.eclipse.persistence.internal.descriptors.ObjectBuilder.initialize(ObjectBuilder.java:3770)
		at org.eclipse.persistence.descriptors.ClassDescriptor.initialize(ClassDescriptor.java:3378)
		at org.eclipse.persistence.internal.sessions.DatabaseSessionImpl.initializeDescriptors(DatabaseSessionImpl.java:740)
		at org.eclipse.persistence.internal.sessions.DatabaseSessionImpl.initializeDescriptors(DatabaseSessionImpl.java:699)
		at org.eclipse.persistence.internal.sessions.DatabaseSessionImpl.initializeDescriptors(DatabaseSessionImpl.java:630)
		at org.eclipse.persistence.internal.sessions.DatabaseSessionImpl.postConnectDatasource(DatabaseSessionImpl.java:876)
		at org.eclipse.persistence.internal.sessions.DatabaseSessionImpl.loginAndDetectDatasource(DatabaseSessionImpl.java:812)
		at org.eclipse.persistence.internal.jpa.EntityManagerFactoryProvider.login(EntityManagerFactoryProvider.java:261)
		at org.eclipse.persistence.internal.jpa.EntityManagerSetupImpl.deploy(EntityManagerSetupImpl.java:771)
		at org.eclipse.persistence.internal.jpa.EntityManagerFactoryDelegate.getAbstractSession(EntityManagerFactoryDelegate.java:222)
		at org.eclipse.persistence.internal.jpa.EntityManagerFactoryDelegate.getDatabaseSession(EntityManagerFactoryDelegate.java:200)
		at org.eclipse.persistence.internal.jpa.EntityManagerFactoryImpl.getDatabaseSession(EntityManagerFactoryImpl.java:542)
		at org.eclipse.persistence.jpa.PersistenceProvider.createEntityManagerFactoryImpl(PersistenceProvider.java:153)
		at org.eclipse.persistence.jpa.PersistenceProvider.createEntityManagerFactory(PersistenceProvider.java:191)
		at javax.persistence.Persistence.createEntityManagerFactory(Persistence.java:80)
		at javax.persistence.Persistence.createEntityManagerFactory(Persistence.java:55)
		at persistencia.HorarioJpaController.<init>(HorarioJpaController.java:27)
		at persistencia.ControladoraPersistencia.<init>(ControladoraPersistencia.java:8)
		at logica.Controladora.<init>(Controladora.java:7)
		at servlets.SvUsuarios.<init>(SvUsuarios.java:14)
		at java.base/jdk.internal.reflect.NativeConstructorAccessorImpl.newInstance0(Native Method)
		at java.base/jdk.internal.reflect.NativeConstructorAccessorImpl.newInstance(NativeConstructorAccessorImpl.java:77)
		at java.base/jdk.internal.reflect.DelegatingConstructorAccessorImpl.newInstance(DelegatingConstructorAccessorImpl.java:45)
		at java.base/java.lang.reflect.Constructor.newInstanceWithCaller(Constructor.java:500)
		at java.base/java.lang.reflect.Constructor.newInstance(Constructor.java:481)
		at org.apache.catalina.core.DefaultInstanceManager.newInstance(DefaultInstanceManager.java:143)
		at org.apache.catalina.core.StandardWrapper.loadServlet(StandardWrapper.java:898)
		at org.apache.catalina.core.StandardWrapper.allocate(StandardWrapper.java:659)
		at org.apache.catalina.core.StandardWrapperValve.invoke(StandardWrapperValve.java:116)
		at org.apache.catalina.core.StandardContextValve.invoke(StandardContextValve.java:90)
		at org.apache.catalina.authenticator.AuthenticatorBase.invoke(AuthenticatorBase.java:482)
		at org.apache.catalina.core.StandardHostValve.invoke(StandardHostValve.java:130)
		at org.apache.catalina.valves.ErrorReportValve.invoke(ErrorReportValve.java:93)
		at org.apache.catalina.valves.AbstractAccessLogValve.invoke(AbstractAccessLogValve.java:660)
		at org.apache.catalina.core.StandardEngineValve.invoke(StandardEngineValve.java:74)
		at org.apache.catalina.connector.CoyoteAdapter.service(CoyoteAdapter.java:346)
		at org.apache.coyote.http11.Http11Processor.service(Http11Processor.java:396)
		at org.apache.coyote.AbstractProcessorLight.process(AbstractProcessorLight.java:63)
		at org.apache.coyote.AbstractProtocol$ConnectionHandler.process(AbstractProtocol.java:937)
		at org.apache.tomcat.util.net.NioEndpoint$SocketProcessor.doRun(NioEndpoint.java:1791)
		at org.apache.tomcat.util.net.SocketProcessorBase.run(SocketProcessorBase.java:52)
		at org.apache.tomcat.util.threads.ThreadPoolExecutor.runWorker(ThreadPoolExecutor.java:1190)
		at org.apache.tomcat.util.threads.ThreadPoolExecutor$Worker.run(ThreadPoolExecutor.java:659)
		at org.apache.tomcat.util.threads.TaskThread$WrappingRunnable.run(TaskThread.java:63)
		at java.base/java.lang.Thread.run(Thread.java:840)

Runtime Exceptions: 
---------------------------------------------------------
16-Nov-2024 22:22:16.411 INFORMACIÓN [main] org.apache.catalina.core.ApplicationContext.log SessionListener: contextDestroyed()
16-Nov-2024 22:22:16.411 INFORMACIÓN [main] org.apache.catalina.core.ApplicationContext.log ContextListener: contextDestroyed()
16-Nov-2024 22:38:25.507 INFORMACIÓN [main] org.apache.catalina.core.ApplicationContext.log ContextListener: contextInitialized()
16-Nov-2024 22:38:25.507 INFORMACIÓN [main] org.apache.catalina.core.ApplicationContext.log SessionListener: contextInitialized()
16-Nov-2024 22:38:25.509 INFORMACIÓN [main] org.apache.catalina.core.ApplicationContext.log ContextListener: attributeAdded('StockTicker', 'async.Stockticker@523424b5')
16-Nov-2024 22:40:18.824 INFORMACIÓN [Thread-1] org.apache.catalina.core.ApplicationContext.log SessionListener: contextDestroyed()
16-Nov-2024 22:40:18.824 INFORMACIÓN [Thread-1] org.apache.catalina.core.ApplicationContext.log ContextListener: contextDestroyed()
16-Nov-2024 22:40:31.486 INFO [main] org.apache.catalina.core.ApplicationContext.log ContextListener: contextInitialized()
16-Nov-2024 22:40:31.486 INFO [main] org.apache.catalina.core.ApplicationContext.log SessionListener: contextInitialized()
16-Nov-2024 22:40:31.489 INFO [main] org.apache.catalina.core.ApplicationContext.log ContextListener: attributeAdded('StockTicker', 'async.Stockticker@9d157ff')
16-Nov-2024 22:41:13.695 INFO [Thread-1] org.apache.catalina.core.ApplicationContext.log SessionListener: contextDestroyed()
16-Nov-2024 22:41:13.695 INFO [Thread-1] org.apache.catalina.core.ApplicationContext.log ContextListener: contextDestroyed()
